DEBUG 21:04:00 [AWT-EventQueue-0] Cadastro Cliente:
br.com.Openbook.negocio.Cliente@1332b63 - (CCadastroCliente.java:32)
ERROR 21:04:00 [AWT-EventQueue-0] Erro ao Cadastrar o Cliente null - (CCadastroCliente.java:40)
DEBUG 21:13:22 [AWT-EventQueue-0] Cadastro Cliente:
br.com.Openbook.negocio.Cliente@126f304 - (CCadastroCliente.java:32)
ERROR 21:13:22 [AWT-EventQueue-0] Erro ao Cadastrar o Cliente near "VALEUS": syntax error - (CCadastroCliente.java:40)
DEBUG 21:15:20 [AWT-EventQueue-0] Cadastro Cliente:
br.com.Openbook.negocio.Cliente@16ff2d9 - (CCadastroCliente.java:32)
ERROR 21:15:20 [AWT-EventQueue-0] Erro ao Cadastrar o Cliente near "VALEUS": syntax error - (CCadastroCliente.java:40)
DEBUG 21:16:47 [AWT-EventQueue-0] Cadastro Cliente:
br.com.Openbook.negocio.Cliente@4577f9 - (CCadastroCliente.java:32)
ERROR 21:16:47 [AWT-EventQueue-0] Erro ao Cadastrar o Cliente near "VALEUS": syntax error - (CCadastroCliente.java:40)
DEBUG 21:18:06 [AWT-EventQueue-0] Cadastro Cliente:
br.com.Openbook.negocio.Cliente@53b2c - (CCadastroCliente.java:32)
ERROR 21:18:06 [AWT-EventQueue-0] Erro ao Cadastrar o Cliente near "VALEUS": syntax error - (CCadastroCliente.java:40)
DEBUG 21:20:27 [AWT-EventQueue-0] Cadastro Cliente:
br.com.Openbook.negocio.Cliente@1ed957d - (CCadastroCliente.java:32)
ERROR 21:20:27 [AWT-EventQueue-0] Erro ao Cadastrar o Cliente near "VALEUS": syntax error - (CCadastroCliente.java:40)
DEBUG 21:24:20 [AWT-EventQueue-0] Cadastro Cliente:
br.com.Openbook.negocio.Cliente@1ca3cb - (CCadastroCliente.java:32)
ERROR 21:24:20 [AWT-EventQueue-0] Erro ao Cadastrar o Cliente near "VALEUS": syntax error - (CCadastroCliente.java:40)
DEBUG 21:25:05 [AWT-EventQueue-0] Cadastro Cliente:
br.com.Openbook.negocio.Cliente@1ed957d - (CCadastroCliente.java:32)
ERROR 21:25:05 [AWT-EventQueue-0] Erro ao Cadastrar o Cliente near ")": syntax error - (CCadastroCliente.java:40)
DEBUG 21:31:15 [AWT-EventQueue-0] Cadastro Cliente:
br.com.Openbook.negocio.Cliente@19c873d - (CCadastroCliente.java:32)
ERROR 21:31:15 [AWT-EventQueue-0] Erro ao Cadastrar o Cliente near ")": syntax error - (CCadastroCliente.java:40)
DEBUG 21:33:18 [AWT-EventQueue-0] Cadastro Cliente:
br.com.Openbook.negocio.Cliente@1784911 - (CCadastroCliente.java:32)
DEBUG 21:33:18 [AWT-EventQueue-0] INSERT INTO main.Cliente_Livraria(nome,endereco,bairro,cidade,estado,cep,telefone,cpf,sexo)VALUES('Waltson','RUA','RUa','cidade','null',' 888844','11111111','13425456','null',) - (RepositorioCliente_Banco_de_Dados.java:44)
ERROR 21:33:18 [AWT-EventQueue-0] Erro ao Cadastrar o Cliente near ")": syntax error - (CCadastroCliente.java:40)
DEBUG 21:34:16 [AWT-EventQueue-0] Cadastro Cliente:
br.com.Openbook.negocio.Cliente@1784911 - (CCadastroCliente.java:32)
DEBUG 21:34:16 [AWT-EventQueue-0] INSERT INTO main.Cliente_Livraria(nome,endereco,bairro,cidade,estado,cep,telefone,cpf,sexo)VALUES('Waltson','RUA','RUa','cidade','null',' 888844','11111111','13425456','null') - (RepositorioCliente_Banco_de_Dados.java:44)
DEBUG 23:45:02 [AWT-EventQueue-0] Cadastro Cliente:
br.com.Openbook.negocio.Cliente@1f80c0e - (CCadastroCliente.java:32)
DEBUG 23:45:02 [AWT-EventQueue-0] INSERT INTO main.Cliente_Livraria(nome,endereco,bairro,cidade,estado,cep,telefone,cpf,sexo)VALUES('Waltson da Silva ','Nossa Senhora de Fátima','RUa','cidade','null',' 888844','11111111','13425456','null') - (RepositorioCliente_Banco_de_Dados.java:44)
DEBUG 16:10:06 [AWT-EventQueue-0] Cadastro Cliente:
br.com.Openbook.negocio.Cliente@5a02ef - (CCadastroCliente.java:32)
DEBUG 16:10:06 [AWT-EventQueue-0] INSERT INTO main.Cliente_Livraria(nome,endereco,bairro,cidade,estado,cep,telefone,cpf,sexo)VALUES('Waltson','RUA','RUa','cidade','null',' 888844','11111111','asads','null') - (RepositorioCliente_Banco_de_Dados.java:44)
DEBUG 16:11:55 [AWT-EventQueue-0] Cadastro Cliente:
br.com.Openbook.negocio.Cliente@1282707 - (CCadastroCliente.java:32)
DEBUG 16:11:55 [AWT-EventQueue-0] INSERT INTO main.Cliente_Livraria(nome,endereco,bairro,cidade,estado,cep,telefone,cpf,sexo)VALUES('Waltson','RUA','RUa','cidade','null',' 888844','11111111','134.254.56 -  ','null') - (RepositorioCliente_Banco_de_Dados.java:44)
DEBUG 16:14:03 [AWT-EventQueue-0] Cadastro Cliente:
br.com.Openbook.negocio.Cliente@4577f9 - (CCadastroCliente.java:32)
DEBUG 16:14:03 [AWT-EventQueue-0] INSERT INTO main.Cliente_Livraria(nome,endereco,bairro,cidade,estado,cep,telefone,cpf,sexo)VALUES('Waltson','RUA','RUa','cidade','null',' 888844','11111111','13425456','null') - (RepositorioCliente_Banco_de_Dados.java:44)
DEBUG 17:18:14 [AWT-EventQueue-0] Cadastro Cliente:
br.com.Openbook.negocio.Cliente@11f1d25 - (CCadastroCliente.java:32)
DEBUG 17:18:14 [AWT-EventQueue-0] INSERT INTO main.Cliente_Livraria(nome,endereco,bairro,cidade,estado,cep,telefone,cpf,sexo)VALUES('Waltson','RUA','RUa','cidade','null',' 888844','11111111','13425456','null') - (RepositorioCliente_Banco_de_Dados.java:44)
DEBUG 17:30:24 [AWT-EventQueue-0] Cadastro Cliente:
br.com.Openbook.negocio.Cliente@1365360 - (CCadastroCliente.java:32)
DEBUG 17:30:24 [AWT-EventQueue-0] INSERT INTO main.Cliente_Livraria(nome,endereco,bairro,cidade,estado,cep,telefone,cpf,sexo)VALUES('Waltson','RUA','RUa','cidade','null',' 888844','11111111','13425456','null') - (RepositorioCliente_Banco_de_Dados.java:44)
DEBUG 15:01:24 [AWT-EventQueue-0] Cadastro Cliente:
br.com.Openbook.negocio.Cliente@1784911 - (CCadastroCliente.java:32)
DEBUG 15:01:24 [AWT-EventQueue-0] INSERT INTO main.Cliente_Livraria(nome,endereco,bairro,cidade,estado,cep,telefone,cpf,sexo)VALUES('Waltson','RUA','RUa','cidade','null',' 888844','11111111','13425456','null') - (RepositorioCliente_Banco_de_Dados.java:44)
DEBUG 15:08:19 [AWT-EventQueue-0] Cadastro Cliente:
br.com.Openbook.negocio.Cliente@53b2c - (CCadastroCliente.java:32)
DEBUG 15:08:19 [AWT-EventQueue-0] INSERT INTO main.Cliente_Livraria(nome,endereco,bairro,cidade,estado,cep,telefone,cpf,sexo)VALUES('Waltson','RUA','RUa','cidade','null',' 888844','11111111','13425456','Feminino') - (RepositorioCliente_Banco_de_Dados.java:44)
DEBUG 15:20:00 [AWT-EventQueue-0] Cadastro Cliente:
br.com.Openbook.negocio.Cliente@13c6654 - (CCadastroCliente.java:32)
DEBUG 15:20:00 [AWT-EventQueue-0] INSERT INTO main.Cliente_Livraria(nome,endereco,bairro,cidade,estado,cep,telefone,cpf,sexo)VALUES('Waltson','RUA','RUa','cidade','Pernambuco',' 888844','11111111','13425456','Masculino') - (RepositorioCliente_Banco_de_Dados.java:44)
DEBUG 17:39:09 [AWT-EventQueue-0] Cadastro Cliente:
br.com.Openbook.negocio.Cliente@1ca3cb - (CCadastroCliente.java:32)
DEBUG 17:39:09 [AWT-EventQueue-0] INSERT INTO main.Cliente_Livraria(nome,endereco,bairro,cidade,estado,cep,telefone,cpf,sexo)VALUES('Waltson','RUA','RUa','cidade','null',' 888844','11111111','13425456','Feminino') - (RepositorioCliente_Banco_de_Dados.java:44)
DEBUG 18:00:17 [AWT-EventQueue-0] Cadastro Cliente:
br.com.Openbook.negocio.Cliente@6245a4 - (CCadastroCliente.java:32)
DEBUG 18:00:17 [AWT-EventQueue-0] INSERT INTO main.Cliente_Livraria(nome,endereco,bairro,cidade,estado,cep,telefone,cpf,sexo)VALUES('Waltson','RUA','RUa','cidade','null',' 888844','11111111','13425456','Feminino') - (RepositorioCliente_Banco_de_Dados.java:44)
DEBUG 18:02:58 [AWT-EventQueue-0] Cadastro Cliente:
br.com.Openbook.negocio.Cliente@57b7a9 - (CCadastroCliente.java:32)
DEBUG 18:03:14 [AWT-EventQueue-0] INSERT INTO main.Cliente_Livraria(nome,endereco,bairro,cidade,estado,cep,telefone,cpf,sexo)VALUES('Waltson','RUA','RUa','cidade','null',' 888844','11111111','13425456','Feminino') - (RepositorioCliente_Banco_de_Dados.java:44)
DEBUG 18:04:11 [AWT-EventQueue-0] Cadastro Cliente:
br.com.Openbook.negocio.Cliente@bcd1f4 - (CCadastroCliente.java:32)
DEBUG 18:04:40 [AWT-EventQueue-0] Cadastro Cliente:
br.com.Openbook.negocio.Cliente@12d693b - (CCadastroCliente.java:32)
DEBUG 18:06:12 [AWT-EventQueue-0] Cadastro Cliente:
br.com.Openbook.negocio.Cliente@1d181de - (CCadastroCliente.java:32)
DEBUG 18:07:05 [AWT-EventQueue-0] INSERT INTO main.Cliente_Livraria(nome,endereco,bairro,cidade,estado,cep,telefone,cpf,sexo)VALUES('Waltson','RUA','RUa','cidade','null',' 888844','11111111','13425456','Feminino') - (RepositorioCliente_Banco_de_Dados.java:44)
DEBUG 00:09:18 [AWT-EventQueue-0] Cadastro Cliente:
br.com.Openbook.negocio.Cliente@c78e02 - (CCadastroCliente.java:30)
DEBUG 00:09:18 [AWT-EventQueue-0] INSERT INTO main.Cliente_Livraria(nome,endereco,bairro,cidade,estado,cep,telefone,cpf,sexo)VALUES('Waltson','RUA','RUa','cidade','null',' 888844','11111111','13425456','Feminino') - (RepositorioCliente_Banco_de_Dados.java:44)
DEBUG 00:11:58 [AWT-EventQueue-0] Cadastro Cliente:
br.com.Openbook.negocio.Cliente@38c8c5 - (CCadastroCliente.java:30)
DEBUG 00:11:58 [AWT-EventQueue-0] INSERT INTO main.Cliente_Livraria(nome,endereco,bairro,cidade,estado,cep,telefone,cpf,sexo)VALUES('Waltson','RUA','RUa','cidade','null',' 888844','11111111','13425456','Feminino') - (RepositorioCliente_Banco_de_Dados.java:44)
DEBUG 14:08:01 [AWT-EventQueue-0] Cadastro Cliente:
br.com.Openbook.negocio.Cliente@b0a518 - (CCadastroCliente.java:30)
DEBUG 14:08:02 [AWT-EventQueue-0] INSERT INTO main.Cliente_Livraria(nome,endereco,bairro,cidade,estado,cep,telefone,cpf,sexo)VALUES('Waltson','RUA','RUa','cidade','null',' 888844','11111111','13425456','Masculino') - (RepositorioCliente_Banco_de_Dados.java:44)
DEBUG 18:58:15 [AWT-EventQueue-0] Cadastro Cliente:
br.com.Openbook.negocio.Cliente@a316ad - (CCadastroCliente.java:30)
DEBUG 18:58:15 [AWT-EventQueue-0] INSERT INTO main.Cliente_Livraria(nome,endereco,bairro,cidade,estado,cep,telefone,cpf,sexo)VALUES('Waltson','RUA','RUa','cidade','null',' 888844','11111111','13425456','Masculino') - (RepositorioCliente_Banco_de_Dados.java:44)
DEBUG 19:01:29 [AWT-EventQueue-0] Cadastro Cliente:
br.com.Openbook.negocio.Cliente@f522e8 - (CCadastroCliente.java:30)
DEBUG 19:01:29 [AWT-EventQueue-0] INSERT INTO main.Cliente_Livraria(nome,endereco,bairro,cidade,estado,cep,telefone,cpf,sexo)VALUES('Waltson','RUA','RUa','cidade','null',' 888844','11111111','13425456','Masculino') - (RepositorioCliente_Banco_de_Dados.java:44)
DEBUG 19:06:41 [AWT-EventQueue-0] Cadastro Cliente:
br.com.Openbook.negocio.Cliente@a316ad - (CCadastroCliente.java:30)
DEBUG 19:06:41 [AWT-EventQueue-0] INSERT INTO main.Cliente_Livraria(nome,endereco,bairro,cidade,estado,cep,telefone,cpf,sexo)VALUES('Waltson','RUA','RUa','cidade','null',' 888844','11111111','13425456','Masculino') - (RepositorioCliente_Banco_de_Dados.java:44)
DEBUG 19:16:26 [AWT-EventQueue-0] Cadastro Cliente:
br.com.Openbook.negocio.Cliente@6245a4 - (CCadastroCliente.java:30)
DEBUG 19:16:26 [AWT-EventQueue-0] INSERT INTO main.Cliente_Livraria(nome,endereco,bairro,cidade,estado,cep,telefone,cpf,sexo)VALUES('Waltson','RUA','RUa','cidade','null',' 888844','11111111','13425456','Masculino') - (RepositorioCliente_Banco_de_Dados.java:44)
DEBUG 19:16:56 [AWT-EventQueue-0] Cadastro Cliente:
br.com.Openbook.negocio.Cliente@1e67280 - (CCadastroCliente.java:30)
DEBUG 19:16:56 [AWT-EventQueue-0] INSERT INTO main.Cliente_Livraria(nome,endereco,bairro,cidade,estado,cep,telefone,cpf,sexo)VALUES('Waltson','RUA','RUa','cidade','null',' 888844','11111111','13425456','Masculino') - (RepositorioCliente_Banco_de_Dados.java:44)
ERROR 19:16:56 [AWT-EventQueue-0] Erro ao Cadastrar o Cliente column cpf is not unique - (CCadastroCliente.java:38)
DEBUG 19:17:47 [AWT-EventQueue-0] Cadastro Cliente:
br.com.Openbook.negocio.Cliente@1f80c0e - (CCadastroCliente.java:30)
DEBUG 19:17:47 [AWT-EventQueue-0] INSERT INTO main.Cliente_Livraria(nome,endereco,bairro,cidade,estado,cep,telefone,cpf,sexo)VALUES('Waltson','RUA','RUa','cidade','null',' 888844','11111111','8','Masculino') - (RepositorioCliente_Banco_de_Dados.java:44)
DEBUG 21:06:08 [AWT-EventQueue-0] Cadastro Cliente:
br.com.Openbook.negocio.Cliente@1ca4eb4 - (CCadastroCliente.java:30)
DEBUG 21:06:08 [AWT-EventQueue-0] INSERT INTO main.Cliente_Livraria(nome,endereco,bairro,cidade,estado,cep,telefone,cpf,sexo)VALUES('Waltson','RUA','RUa','cidade','null',' 888844','11111111','13425456','Masculino') - (RepositorioCliente_Banco_de_Dados.java:44)
ERROR 21:06:08 [AWT-EventQueue-0] Erro ao Cadastrar o Cliente column cpf is not unique - (CCadastroCliente.java:38)
DEBUG 21:06:17 [AWT-EventQueue-0] Cadastro Cliente:
br.com.Openbook.negocio.Cliente@1adff28 - (CCadastroCliente.java:30)
DEBUG 21:06:17 [AWT-EventQueue-0] INSERT INTO main.Cliente_Livraria(nome,endereco,bairro,cidade,estado,cep,telefone,cpf,sexo)VALUES('Waltson','RUA','RUa','cidade','null',' 888844','11111111','12','Masculino') - (RepositorioCliente_Banco_de_Dados.java:44)
DEBUG 09:06:59 [AWT-EventQueue-0] Cadastro Cliente:
br.com.Openbook.negocio.Cliente@f522e8 - (CCadastroCliente.java:30)
DEBUG 09:06:59 [AWT-EventQueue-0] INSERT INTO main.Cliente_Livraria(nome,endereco,bairro,cidade,estado,cep,telefone,cpf,sexo)VALUES('Waltson','RUA','RUa','cidade','null',' 888844','11111111','13425456','Masculino') - (RepositorioCliente_Banco_de_Dados.java:44)
ERROR 09:06:59 [AWT-EventQueue-0] Erro ao Cadastrar o Cliente column cpf is not unique - (CCadastroCliente.java:38)
DEBUG 09:08:46 [AWT-EventQueue-0] Cadastro Cliente:
br.com.Openbook.negocio.Cliente@1c7bee2 - (CCadastroCliente.java:30)
DEBUG 09:08:46 [AWT-EventQueue-0] INSERT INTO main.Cliente_Livraria(nome,endereco,bairro,cidade,estado,cep,telefone,cpf,sexo)VALUES('Waltson da Silva Correia','Rua Nossa Senhora','Alto da Bondade','Olinda','null','53170450','87654312','987654321','Masculino') - (RepositorioCliente_Banco_de_Dados.java:44)
DEBUG 10:27:14 [AWT-EventQueue-0] Cadastro livro:
br.com.Openbook.negocio.Livro@6245a4 - (CCadastroLivro.java:31)
DEBUG 10:27:14 [AWT-EventQueue-0] INSERT INTO main.Livro_Livraria(nome_Livro,isbn_Livro,edicao_Livro,genero_livro,idioma_Livro,n_pagina, preco_livro)VALEUS('causa','898989','1','Português',null','9090',10.9') - (RepositorioLivro_Banco_de_Dados.java:39)
ERROR 10:27:14 [AWT-EventQueue-0] Erro ao Cadastrar o Livro near "VALEUS": syntax error - (CCadastroLivro.java:39)
DEBUG 10:27:51 [AWT-EventQueue-0] Cadastro livro:
br.com.Openbook.negocio.Livro@6326e5 - (CCadastroLivro.java:31)
DEBUG 10:27:51 [AWT-EventQueue-0] INSERT INTO main.Livro_Livraria(nome_Livro,isbn_Livro,edicao_Livro,genero_livro,idioma_Livro,n_pagina, preco_livro)VALEUS('causa','898989','1','Português',null','9090',10.9') - (RepositorioLivro_Banco_de_Dados.java:39)
ERROR 10:27:51 [AWT-EventQueue-0] Erro ao Cadastrar o Livro near "VALEUS": syntax error - (CCadastroLivro.java:39)
DEBUG 10:29:27 [AWT-EventQueue-0] Cadastro livro:
br.com.Openbook.negocio.Livro@6245a4 - (CCadastroLivro.java:31)
DEBUG 10:29:27 [AWT-EventQueue-0] INSERT INTO main.Livro_Livraria(nome_Livro,isbn_Livro,edicao_Livro,genero_livro,idioma_Livro,n_pagina, preco_livro)VALUES('causa','898989','1','Português',null','9090',10.9') - (RepositorioLivro_Banco_de_Dados.java:39)
ERROR 10:29:27 [AWT-EventQueue-0] Erro ao Cadastrar o Livro near "','": syntax error - (CCadastroLivro.java:39)
DEBUG 10:31:48 [AWT-EventQueue-0] Cadastro livro:
br.com.Openbook.negocio.Livro@52d654 - (CCadastroLivro.java:31)
DEBUG 10:31:48 [AWT-EventQueue-0] INSERT INTO main.Livro_Livraria(nome_Livro,isbn_Livro,edicao_Livro,genero_livro,idioma_Livro,n_pagina, preco_livro)VALUES('causa','898989','1','Português',null','9090',10.9') - (RepositorioLivro_Banco_de_Dados.java:39)
ERROR 10:31:48 [AWT-EventQueue-0] Erro ao Cadastrar o Livro near "','": syntax error - (CCadastroLivro.java:39)
DEBUG 10:32:43 [AWT-EventQueue-0] Cadastro livro:
br.com.Openbook.negocio.Livro@13c6654 - (CCadastroLivro.java:31)
DEBUG 10:32:43 [AWT-EventQueue-0] INSERT INTO main.Livro_Livraria(nome_Livro,isbn_Livro,edicao_Livro,genero_livro,idioma_Livro,n_pagina, preco_livro)VALUES('causa','898989','1','Português',null','9090'10.9) - (RepositorioLivro_Banco_de_Dados.java:39)
ERROR 10:32:43 [AWT-EventQueue-0] Erro ao Cadastrar o Livro near "','": syntax error - (CCadastroLivro.java:39)
DEBUG 10:35:21 [AWT-EventQueue-0] Cadastro livro:
br.com.Openbook.negocio.Livro@13c6654 - (CCadastroLivro.java:31)
DEBUG 10:35:21 [AWT-EventQueue-0] INSERT INTO main.Livro_Livraria(nome_Livro,isbn_Livro,edicao_Livro,genero_livro,idioma_Livro,n_pagina, preco_livro)VALUES('causa','898989','1','Português',null','9090',10.9') - (RepositorioLivro_Banco_de_Dados.java:39)
ERROR 10:35:21 [AWT-EventQueue-0] Erro ao Cadastrar o Livro near "','": syntax error - (CCadastroLivro.java:39)
DEBUG 10:36:01 [AWT-EventQueue-0] Cadastro livro:
br.com.Openbook.negocio.Livro@75303f - (CCadastroLivro.java:31)
DEBUG 10:36:01 [AWT-EventQueue-0] INSERT INTO main.Livro_Livraria(nome_Livro,isbn_Livro,edicao_Livro,genero_livro,idioma_Livro,n_pagina,preco_livro)VALUES('causa','898989','1','Português',null','9090',10.9') - (RepositorioLivro_Banco_de_Dados.java:39)
ERROR 10:36:01 [AWT-EventQueue-0] Erro ao Cadastrar o Livro near "','": syntax error - (CCadastroLivro.java:39)
DEBUG 10:37:05 [AWT-EventQueue-0] Cadastro livro:
br.com.Openbook.negocio.Livro@52d654 - (CCadastroLivro.java:31)
DEBUG 10:37:05 [AWT-EventQueue-0] INSERT INTO main.Livro_Livraria(nome_Livro,isbn_Livro,edicao_Livro,genero_livro,idioma_Livro,n_pagina,preco_livro)VALUES('causa','898989','1','Português',null','9090',10.9) - (RepositorioLivro_Banco_de_Dados.java:39)
ERROR 10:37:05 [AWT-EventQueue-0] Erro ao Cadastrar o Livro near "','": syntax error - (CCadastroLivro.java:39)
DEBUG 10:37:50 [AWT-EventQueue-0] Cadastro livro:
br.com.Openbook.negocio.Livro@52d654 - (CCadastroLivro.java:31)
DEBUG 10:37:50 [AWT-EventQueue-0] INSERT INTO main.Livro_Livraria(nome_Livro,isbn_Livro,edicao_Livro,genero_livro,idioma_Livro,n_pagina,preco_livro)VALUES('causa','898989','1','Português','null','9090',10.9) - (RepositorioLivro_Banco_de_Dados.java:39)
DEBUG 10:39:25 [AWT-EventQueue-0] Cadastro livro:
br.com.Openbook.negocio.Livro@d200d8 - (CCadastroLivro.java:31)
DEBUG 10:39:25 [AWT-EventQueue-0] INSERT INTO main.Livro_Livraria(nome_Livro,isbn_Livro,edicao_Livro,genero_livro,idioma_Livro,n_pagina,preco_livro)VALUES('causa','898989','1','Português','null','9090',10.9) - (RepositorioLivro_Banco_de_Dados.java:39)
ERROR 10:39:25 [AWT-EventQueue-0] Erro ao Cadastrar o Livro column isbn_livro is not unique - (CCadastroLivro.java:39)
DEBUG 10:39:36 [AWT-EventQueue-0] Cadastro livro:
br.com.Openbook.negocio.Livro@123ce3f - (CCadastroLivro.java:31)
DEBUG 10:39:36 [AWT-EventQueue-0] INSERT INTO main.Livro_Livraria(nome_Livro,isbn_Livro,edicao_Livro,genero_livro,idioma_Livro,n_pagina,preco_livro)VALUES('causa','44','1','Inglês','null','9090',10.9) - (RepositorioLivro_Banco_de_Dados.java:39)
DEBUG 10:40:30 [AWT-EventQueue-0] Cadastro livro:
br.com.Openbook.negocio.Livro@1912a56 - (CCadastroLivro.java:31)
DEBUG 10:40:30 [AWT-EventQueue-0] INSERT INTO main.Livro_Livraria(nome_Livro,isbn_Livro,edicao_Livro,genero_livro,idioma_Livro,n_pagina,preco_livro)VALUES('causa','2','1','null','Português','9090',10.9) - (RepositorioLivro_Banco_de_Dados.java:39)
DEBUG 11:50:28 [AWT-EventQueue-0] Cadastro Cliente:
br.com.Openbook.negocio.Cliente@a316ad - (CCadastroCliente.java:31)
DEBUG 11:50:28 [AWT-EventQueue-0] INSERT INTO main.Cliente_Livraria(nome,endereco,bairro,cidade,estado,cep,telefone,cpf,sexo)VALUES('Waltson','RUA','RUa','cidade','null',' 888844','11111111','13425456','Masculino') - (RepositorioCliente_Banco_de_Dados.java:44)
ERROR 11:50:30 [AWT-EventQueue-0] Erro ao Cadastrar o Cliente column cpf is not unique - (CCadastroCliente.java:41)
DEBUG 11:50:33 [AWT-EventQueue-0] Cadastro Cliente:
br.com.Openbook.negocio.Cliente@1d33eef - (CCadastroCliente.java:31)
DEBUG 11:50:33 [AWT-EventQueue-0] INSERT INTO main.Cliente_Livraria(nome,endereco,bairro,cidade,estado,cep,telefone,cpf,sexo)VALUES('Waltson','RUA','RUa','cidade','null',' 888844','11111111','13425457','Masculino') - (RepositorioCliente_Banco_de_Dados.java:44)
DEBUG 11:52:07 [AWT-EventQueue-0] Cadastro Cliente:
br.com.Openbook.negocio.Cliente@1517997 - (CCadastroCliente.java:31)
DEBUG 11:52:07 [AWT-EventQueue-0] INSERT INTO main.Cliente_Livraria(nome,endereco,bairro,cidade,estado,cep,telefone,cpf,sexo)VALUES('Waltson','RUA','RUa','cidade','Acre',' 888844','11111111','13425456','Masculino') - (RepositorioCliente_Banco_de_Dados.java:44)
ERROR 11:52:09 [AWT-EventQueue-0] Erro ao Cadastrar o Cliente column cpf is not unique - (CCadastroCliente.java:41)
DEBUG 11:52:13 [AWT-EventQueue-0] Cadastro Cliente:
br.com.Openbook.negocio.Cliente@1bfd53d - (CCadastroCliente.java:31)
DEBUG 11:52:13 [AWT-EventQueue-0] INSERT INTO main.Cliente_Livraria(nome,endereco,bairro,cidade,estado,cep,telefone,cpf,sexo)VALUES('Waltson','RUA','RUa','cidade','Acre',' 888844','11111111','13425450','Masculino') - (RepositorioCliente_Banco_de_Dados.java:44)
